"../../../Engine/Content/EditorBlueprintResources/StandardMacros.uasset" 0
"../../../Final_Project_Props/Content/Mannequin/Character/Mesh/UE4_Mannequin_Skeleton.uasset" 1
"../../../Final_Project_Props/Content/Mannequin/Animations/ThirdPerson_Jump.uasset" 2
"../../../Final_Project_Props/Content/Mannequin/Animations/ThirdPersonJump_Loop.uasset" 3
"../../../Final_Project_Props/Content/Mannequin/Animations/ThirdPersonJump_Start.uasset" 4
"../../../Final_Project_Props/Content/Mannequin/Animations/ThirdPersonIdle.uasset" 5
"../../../Final_Project_Props/Content/Mannequin/Animations/ThirdPersonRun.uasset" 6
"../../../Final_Project_Props/Content/Mannequin/Animations/ThirdPersonWalk.uasset" 7
"../../../Final_Project_Props/Content/Mannequin/Animations/ThirdPerson_IdleRun_2D.uasset" 8
"../../../Final_Project_Props/Content/Mannequin/Animations/ThirdPerson_AnimBP.uasset" 9
"../../../Engine/Content/Functions/Engine_MaterialFunctions02/Utility/BlendAngleCorrectedNormals.uasset" 10
"../../../Engine/Content/Functions/MaterialLayerFunctions/MatLayerBlend_NormalBlend.uasset" 11
"../../../Engine/Content/Functions/MaterialLayerFunctions/MatLayerBlend_Simple.uasset" 12
"../../../Final_Project_Props/Content/Mannequin/Character/Materials/MaterialLayers/T_ML_Rubber_Blue_01_D.uasset" 13
"../../../Final_Project_Props/Content/Mannequin/Character/Materials/MaterialLayers/T_ML_Rubber_Blue_01_N.uasset" 14
"../../../Final_Project_Props/Content/Mannequin/Character/Materials/MaterialLayers/ML_GlossyBlack_Latex_UE4.uasset" 15
"../../../Final_Project_Props/Content/Mannequin/Character/Materials/MaterialLayers/ML_Plastic_Shiny_Beige.uasset" 16
"../../../Final_Project_Props/Content/Mannequin/Character/Textures/UE4_LOGO_CARD.uasset" 17
"../../../Final_Project_Props/Content/Mannequin/Character/Materials/MaterialLayers/ML_Plastic_Shiny_Beige_LOGO.uasset" 18
"../../../Final_Project_Props/Content/Mannequin/Character/Materials/MaterialLayers/T_ML_Aluminum01.uasset" 19
"../../../Final_Project_Props/Content/Mannequin/Character/Materials/MaterialLayers/T_ML_Aluminum01_N.uasset" 20
"../../../Final_Project_Props/Content/Mannequin/Character/Materials/MaterialLayers/ML_SoftMetal_UE4.uasset" 21
"../../../Final_Project_Props/Content/Mannequin/Character/Textures/UE4_Mannequin__normals.uasset" 22
"../../../Final_Project_Props/Content/Mannequin/Character/Textures/UE4_Mannequin_MAT_MASKA.uasset" 23
"../../../Final_Project_Props/Content/Mannequin/Character/Materials/M_UE4Man_Body.uasset" 24
"../../../Final_Project_Props/Content/Mannequin/Character/Textures/UE4Man_Logo_N.uasset" 25
"../../../Final_Project_Props/Content/Mannequin/Character/Materials/M_UE4Man_ChestLogo.uasset" 26
"../../../Final_Project_Props/Content/Mannequin/Character/Mesh/SK_Mannequin_PhysicsAsset.uasset" 27
"../../../Final_Project_Props/Content/Mannequin/Character/Mesh/SK_Mannequin.uasset" 28
"../../../Final_Project_Props/Content/ThirdPersonBP/Blueprints/ThirdPersonCharacter.uasset" 29
"../../../Final_Project_Props/Content/AI_Test_Zone/AI/Ai_blackBoard.uasset" 30
"../../../Final_Project_Props/Content/AI_Test_Zone/AI/Ai_Couple.uasset" 31
"../../../Final_Project_Props/Content/AI_Test_Zone/AI/Check-a-fy.uasset" 32
"../../../Final_Project_Props/Content/AI_Test_Zone/AI/Close_Enough.uasset" 33
"../../../Final_Project_Props/Content/AI_Test_Zone/AI/Move_To.uasset" 34
"../../../Final_Project_Props/Content/AI_Test_Zone/AI/AI_Tree.uasset" 35
"../../../Final_Project_Props/Content/DoorBloops/IDoDamage.uasset" 36
"../../../Final_Project_Props/Content/DoorBloops/ITakeDamages.uasset" 37
"../../../Final_Project_Props/Content/AI_Test_Zone/AI/ai_Fallower.uasset" 38
"../../../Final_Project_Props/Content/AI_Test_Zone/AI/Attack.uasset" 39
"../../../Final_Project_Props/Content/Defult_Files/Mannequin/Animations/AnimStarterPack/UE4_Mannequin/Mesh/UE4_Mannequin_Skeleton.uasset" 40
"../../../Final_Project_Props/Content/Defult_Files/Mannequin/Animations/Aim_Space_Hip.uasset" 41
"../../../Final_Project_Props/Content/Defult_Files/Mannequin/Animations/Aim_Space_Ironsights.uasset" 42
"../../../Final_Project_Props/Content/Defult_Files/Mannequin/Animations/Crouch_to_Stand_Rifle_Hip.uasset" 43
"../../../Final_Project_Props/Content/Defult_Files/Mannequin/Animations/Crouch_to_Stand_Rifle_Ironsights.uasset" 44
"../../../Final_Project_Props/Content/Defult_Files/Mannequin/Animations/Crouch_Walk_Bwd_Rifle_Ironsights.uasset" 45
"../../../Final_Project_Props/Content/Defult_Files/Mannequin/Animations/Crouch_Walk_Lt_Rifle_Ironsights.uasset" 46
"../../../Final_Project_Props/Content/Defult_Files/Mannequin/Animations/Crouch_Walk_Rt_Rifle_Ironsights.uasset" 47
"../../../Final_Project_Props/Content/Defult_Files/Mannequin/Animations/Death_1.uasset" 48
"../../../Final_Project_Props/Content/Defult_Files/Mannequin/Animations/Death_2.uasset" 49
"../../../Final_Project_Props/Content/Defult_Files/Mannequin/Animations/Death_3.uasset" 50
"../../../Final_Project_Props/Content/Defult_Files/Mannequin/Animations/Death_Ironsights_1.uasset" 51
"../../../Final_Project_Props/Content/Defult_Files/Mannequin/Animations/Death_Ironsights_2.uasset" 52
"../../../Final_Project_Props/Content/Defult_Files/Mannequin/Animations/Equip_Rifle_Standing.uasset" 53
"../../../Final_Project_Props/Content/Defult_Files/Mannequin/Animations/Fire_Rifle_Hip.uasset" 54
"../../../Final_Project_Props/Content/Defult_Files/Mannequin/Animations/Fire_Shotgun_Hip.uasset" 55
"../../../Final_Project_Props/Content/Defult_Files/Mannequin/Animations/Fire_Shotgun_Ironsights.uasset" 56
"../../../Final_Project_Props/Content/Defult_Files/Mannequin/Animations/Hit_React_4.uasset" 57
"../../../Final_Project_Props/Content/Defult_Files/Mannequin/Animations/Idle_Rifle_Ironsights.uasset" 58
"../../../Final_Project_Props/Content/Defult_Files/Mannequin/Animations/Jump_From_Stand_Ironsights.uasset" 59
"../../../Final_Project_Props/Content/Defult_Files/Mannequin/Animations/Prone_Death_1.uasset" 60
"../../../Final_Project_Props/Content/Defult_Files/Mannequin/Animations/Prone_Death_2.uasset" 61
"../../../Final_Project_Props/Content/Defult_Files/Mannequin/Animations/Prone_Fire_1.uasset" 62
"../../../Final_Project_Props/Content/Defult_Files/Mannequin/Animations/Prone_Fire_2.uasset" 63
"../../../Final_Project_Props/Content/Defult_Files/Mannequin/Animations/Prone_Idle.uasset" 64
"../../../Final_Project_Props/Content/Defult_Files/Mannequin/Animations/Prone_Reload_Rifle.uasset" 65
"../../../Final_Project_Props/Content/Defult_Files/Mannequin/Animations/Prone_Reload_Shotgun.uasset" 66
"../../../Final_Project_Props/Content/Defult_Files/Mannequin/Animations/Prone_To_Stand.uasset" 67
"../../../Final_Project_Props/Content/Defult_Files/Mannequin/Animations/Reload_Pistol.uasset" 68
"../../../Final_Project_Props/Content/Defult_Files/Mannequin/Animations/Reload_Rifle_Ironsights.uasset" 69
"../../../Final_Project_Props/Content/Defult_Files/Mannequin/Animations/Reload_Shotgun_Hip.uasset" 70
"../../../Final_Project_Props/Content/Defult_Files/Mannequin/Animations/Reload_Shotgun_Ironsights.uasset" 71
"../../../Final_Project_Props/Content/Defult_Files/Mannequin/Animations/Sprint_Fwd_Rifle.uasset" 72
"../../../Final_Project_Props/Content/Defult_Files/Mannequin/Animations/Stand_to_Crouch_Rifle_Hip.uasset" 73
"../../../Final_Project_Props/Content/Defult_Files/Mannequin/Animations/Stand_to_Crouch_Rifle_Ironsights.uasset" 74
"../../../Final_Project_Props/Content/Defult_Files/Mannequin/Animations/Stand_To_Prone.uasset" 75
"../../../Final_Project_Props/Content/Defult_Files/Mannequin/Character/Mesh/UE4_Mannequin_Skeleton.uasset" 76
"../../../Final_Project_Props/Content/Defult_Files/Mannequin/Animations/thirdpersonFirstPerson_Idle.uasset" 77
"../../../Final_Project_Props/Content/Defult_Files/Mannequin/Animations/Walk_Bwd_Rifle_Ironsights.uasset" 78
"../../../Final_Project_Props/Content/Defult_Files/Mannequin/Animations/Walk_Lt_Rifle_Ironsights.uasset" 79
"../../../Final_Project_Props/Content/Defult_Files/Mannequin/Animations/Walk_Rt_Rifle_Ironsights.uasset" 80
"../../../Final_Project_Props/Content/Defult_Files/Mannequin/Animations/AnimStarterPack/UE4_Mannequin/Textures/UE4_LOGO_CARD.uasset" 81
"../../../Final_Project_Props/Content/DoorBloops/IInteractable.uasset" 82
"../../../Engine/Content/BasicShapes/BasicShapeMaterial.uasset" 83
"../../../Engine/Content/Functions/Engine_MaterialFunctions01/Opacity/CameraDepthFade.uasset" 84
"../../../Engine/Content/EngineMaterials/T_Default_Material_Grid_M.uasset" 85
"../../../Engine/Content/EngineMaterials/T_Default_Material_Grid_N.uasset" 86
"../../../Engine/Content/EngineMaterials/WorldGridMaterial.uasset" 87
"../../../Engine/Content/BasicShapes/Cube.uasset" 88
"../../../Final_Project_Props/Content/DoorBloops/Toggle.uasset" 89
"../../../Final_Project_Props/Content/FirstPerson/Character/Textures/UE4_LOGO_CARD.uasset" 90
"../../../Final_Project_Props/Content/FirstPerson/FPWeapon/Materials/MaterialLayers/ML_Plastic_Shiny_Beige_LOGO.uasset" 91
"../../../Final_Project_Props/Content/FirstPerson/FPWeapon/Materials/MaterialLayers/T_ML_FineRubber.uasset" 92
"../../../Final_Project_Props/Content/FirstPerson/FPWeapon/Mesh/SK_FPGun_PhysicsAsset.uasset" 93
"../../../Final_Project_Props/Content/FirstPerson/Meshes/BaseMaterial.uasset" 94
"../../../Final_Project_Props/Content/FirstPerson/Meshes/FirstPersonProjectileMaterial.uasset" 95
"../../../Final_Project_Props/Content/FirstPerson/Meshes/FirstPersonProjectileMesh.uasset" 96
"../../../Final_Project_Props/Content/FirstPerson/Character/Mesh/SK_Mannequin_Arms_Skeleton.uasset" 97
"../../../Final_Project_Props/Content/FirstPerson/Animations/FirstPerson_Idle.uasset" 98
"../../../Final_Project_Props/Content/FirstPerson/Animations/FirstPerson_JumpEnd.uasset" 99
"../../../Final_Project_Props/Content/FirstPerson/Animations/FirstPerson_JumpLoop.uasset" 100
"../../../Final_Project_Props/Content/FirstPerson/Animations/FirstPerson_JumpStart.uasset" 101
"../../../Final_Project_Props/Content/FirstPerson/Animations/FirstPerson_Run.uasset" 102
"../../../Final_Project_Props/Content/FirstPerson/Animations/FirstPerson_AnimBP.uasset" 103
"../../../Final_Project_Props/Content/FirstPerson/Animations/FirstPerson_Fire.uasset" 104
"../../../Final_Project_Props/Content/FirstPerson/Animations/FirstPersonFire_Montage.uasset" 105
"../../../Final_Project_Props/Content/FirstPerson/Audio/FirstPersonTemplateWeaponFire02.uasset" 106
"../../../Final_Project_Props/Content/FirstPerson/Character/Materials/MaterialLayers/T_ML_Rubber_Blue_01_D.uasset" 107
"../../../Final_Project_Props/Content/FirstPerson/Character/Materials/MaterialLayers/T_ML_Rubber_Blue_01_N.uasset" 108
"../../../Final_Project_Props/Content/FirstPerson/Character/Materials/MaterialLayers/ML_GlossyBlack_Latex_UE4.uasset" 109
"../../../Final_Project_Props/Content/FirstPerson/Character/Materials/MaterialLayers/ML_Plastic_Shiny_Beige.uasset" 110
"../../../Final_Project_Props/Content/FirstPerson/Character/Materials/MaterialLayers/ML_Plastic_Shiny_Beige_LOGO.uasset" 111
"../../../Final_Project_Props/Content/FirstPerson/Character/Materials/MaterialLayers/T_ML_Aluminum01.uasset" 112
"../../../Final_Project_Props/Content/FirstPerson/Character/Materials/MaterialLayers/T_ML_Aluminum01_N.uasset" 113
"../../../Final_Project_Props/Content/FirstPerson/Character/Materials/MaterialLayers/ML_SoftMetal_UE4.uasset" 114
"../../../Final_Project_Props/Content/FirstPerson/Character/Textures/UE4_Mannequin__normals.uasset" 115
"../../../Final_Project_Props/Content/FirstPerson/Character/Textures/UE4_Mannequin_MAT_MASKA.uasset" 116
"../../../Final_Project_Props/Content/FirstPerson/Character/Materials/M_UE4Man_Body.uasset" 117
"../../../Final_Project_Props/Content/FirstPerson/Character/Mesh/SK_Mannequin_Arms_PhysicsAsset.uasset" 118
"../../../Final_Project_Props/Content/FirstPerson/Character/Mesh/SK_Mannequin_Arms.uasset" 119
"../../../Final_Project_Props/Content/FirstPerson/FPWeapon/Materials/MaterialLayers/T_ML_Rubber_Blue_01_D.uasset" 120
"../../../Final_Project_Props/Content/FirstPerson/FPWeapon/Materials/MaterialLayers/T_ML_Rubber_Blue_01_N.uasset" 121
"../../../Final_Project_Props/Content/FirstPerson/FPWeapon/Materials/MaterialLayers/ML_GlossyBlack_Latex_UE4.uasset" 122
"../../../Final_Project_Props/Content/FirstPerson/FPWeapon/Materials/MaterialLayers/ML_Plastic_Shiny_Beige.uasset" 123
"../../../Final_Project_Props/Content/FirstPerson/FPWeapon/Materials/MaterialLayers/ML_Screen.uasset" 124
"../../../Final_Project_Props/Content/FirstPerson/FPWeapon/Materials/MaterialLayers/T_ML_Aluminum01.uasset" 125
"../../../Final_Project_Props/Content/FirstPerson/FPWeapon/Materials/MaterialLayers/T_ML_Aluminum01_N.uasset" 126
"../../../Final_Project_Props/Content/FirstPerson/FPWeapon/Materials/MaterialLayers/ML_SoftMetal_UE4.uasset" 127
"../../../Final_Project_Props/Content/FirstPerson/FPWeapon/Textures/T_FPGun_M.uasset" 128
"../../../Final_Project_Props/Content/FirstPerson/FPWeapon/Textures/T_FPGun_N.uasset" 129
"../../../Final_Project_Props/Content/FirstPerson/FPWeapon/Materials/M_FPGun.uasset" 130
"../../../Final_Project_Props/Content/FirstPerson/FPWeapon/Mesh/SK_FPGun_Skeleton.uasset" 131
"../../../Final_Project_Props/Content/FirstPerson/FPWeapon/Mesh/SK_FPGun.uasset" 132
"../../../Final_Project_Props/Content/FirstPersonBP/Blueprints/FirstPersonCharacter.uasset" 133
"../../../Final_Project_Props/Content/FirstPerson/Textures/FirstPersonCrosshair.uasset" 134
"../../../Final_Project_Props/Content/FirstPersonBP/Blueprints/FirstPersonHUD.uasset" 135
"../../../Final_Project_Props/Content/FirstPersonBP/Blueprints/FirstPersonGameMode.uasset" 136
"../../../Final_Project_Props/Content/Level/Materials/FloorPlans/FirstFloor.uasset" 137
"../../../Final_Project_Props/Content/Level/Materials/FloorPlans/FirstFloor_Mat.uasset" 138
"../../../Final_Project_Props/Content/Level/Materials/FloorPlans/SecondFloor.uasset" 139
"../../../Final_Project_Props/Content/Level/Materials/FloorPlans/SecondFloor_Mat.uasset" 140
"../../../Final_Project_Props/Content/Mannequin/Animations/ThirdPersonJump_End.uasset" 141
"../../../Engine/Content/VREditor/UI/ArrowMaterial.uasset" 142
"../../../Engine/Content/EngineMaterials/DefaultMaterial.uasset" 143
"../../../Engine/Content/BasicShapes/Sphere.uasset" 144
"../../../Final_Project_Props/Content/Pickups/keyBloop.uasset" 145
"../../../Final_Project_Props/Content/SoundObjects/door_knob.uasset" 146
"../../../Final_Project_Props/Content/SoundObjects/door_lock.uasset" 147
"../../../Final_Project_Props/Content/SoundObjects/doorCue.uasset" 148
"../../../Final_Project_Props/Content/SoundObjects/doorSource.uasset" 149
"../../../Final_Project_Props/Content/StarterContent/Materials/M_Basic_Wall.uasset" 150
"../../../Final_Project_Props/Content/StarterContent/Architecture/Pillar_50x500.uasset" 151
"../../../Final_Project_Props/Content/StarterContent/Architecture/Wall_400x300.uasset" 152
"../../../Final_Project_Props/Content/StarterContent/Architecture/Wall_400x400.uasset" 153
"../../../Final_Project_Props/Content/StarterContent/Architecture/Wall_500x500.uasset" 154
"../../../Final_Project_Props/Content/StarterContent/Architecture/Wall_Door_400x400.uasset" 155
"../../../Final_Project_Props/Content/StarterContent/Architecture/Wall_Window_400x400.uasset" 156
"../../../Final_Project_Props/Content/StarterContent/Audio/Light01_Cue.uasset" 157
"../../../Final_Project_Props/Content/StarterContent/Audio/Light02_Cue.uasset" 158
"../../../Final_Project_Props/Content/StarterContent/Audio/Explosion_Cue.uasset" 159
"../../../Final_Project_Props/Content/StarterContent/Textures/T_Burst_M.uasset" 160
"../../../Final_Project_Props/Content/StarterContent/Particles/Materials/M_Burst.uasset" 161
"../../../Final_Project_Props/Content/StarterContent/Textures/T_Explosion_SubUV.uasset" 162
"../../../Final_Project_Props/Content/StarterContent/Particles/Materials/M_explosion_subUV.uasset" 163
"../../../Final_Project_Props/Content/StarterContent/Particles/Materials/m_flare_01.uasset" 164
"../../../Engine/Content/Functions/Engine_MaterialFunctions01/Gradient/RadialGradient.uasset" 165
"../../../Final_Project_Props/Content/StarterContent/Particles/Materials/M_radial_ramp.uasset" 166
"../../../Final_Project_Props/Content/StarterContent/Textures/T_Smoke_SubUV.uasset" 167
"../../../Final_Project_Props/Content/StarterContent/Textures/T_Smoke_Tiled_D.uasset" 168
"../../../Final_Project_Props/Content/StarterContent/Particles/Materials/M_smoke_subUV.uasset" 169
"../../../Final_Project_Props/Content/StarterContent/Particles/P_Explosion.uasset" 170
"../../../Final_Project_Props/Content/StarterContent/Blueprints/Blueprint_Effect_Explosion.uasset" 171
"../../../Engine/Content/EditorMeshes/ColorCalibrator/T_ColorGrid.uasset" 172
"../../../Final_Project_Props/Content/StarterContent/Materials/M_ColorGrid_LowSpec.uasset" 173
"../../../Final_Project_Props/Content/StarterContent/Textures/T_Chair_M.uasset" 174
"../../../Final_Project_Props/Content/StarterContent/Textures/T_Chair_N.uasset" 175
"../../../Final_Project_Props/Content/StarterContent/Props/Materials/M_Chair.uasset" 176
"../../../Final_Project_Props/Content/StarterContent/Props/SM_Couch.uasset" 177
"../../../Final_Project_Props/Content/StarterContent/Props/Materials/M_MaterialSphere.uasset" 178
"../../../Final_Project_Props/Content/StarterContent/Props/Materials/M_MaterialSphere_Plain.uasset" 179
"../../../Final_Project_Props/Content/StarterContent/Props/SM_MatPreviewMesh_02.uasset" 180
"../../../Final_Project_Props/Content/StarterContent/Textures/T_Detail_Rocky_N.uasset" 181
"../../../Final_Project_Props/Content/StarterContent/Textures/T_Rock_Basalt_D.uasset" 182
"../../../Final_Project_Props/Content/StarterContent/Textures/T_RockMesh_M.uasset" 183
"../../../Final_Project_Props/Content/StarterContent/Textures/T_RockMesh_N.uasset" 184
"../../../Final_Project_Props/Content/StarterContent/Props/Materials/M_Rock.uasset" 185
"../../../Final_Project_Props/Content/StarterContent/Props/SM_Rock.uasset" 186
"../../../Final_Project_Props/Content/StarterContent/Textures/T_Shelf_M.uasset" 187
"../../../Final_Project_Props/Content/StarterContent/Textures/T_Shelf_N.uasset" 188
"../../../Final_Project_Props/Content/StarterContent/Props/Materials/M_Shelf.uasset" 189
"../../../Final_Project_Props/Content/StarterContent/Props/SM_Shelf.uasset" 190
"../../../Final_Project_Props/Content/StarterContent/Materials/M_Basic_Floor.uasset" 191
"../../../Final_Project_Props/Content/StarterContent/Props/SM_Stairs.uasset" 192
"../../../Final_Project_Props/Content/StarterContent/Shapes/Shape_Cone.uasset" 193
"../../../Final_Project_Props/Content/StarterContent/Shapes/Shape_Cylinder.uasset" 194
"../../../Final_Project_Props/Content/StarterContent/Shapes/Shape_NarrowCapsule.uasset" 195
"../../../Final_Project_Props/Content/StarterContent/Shapes/Shape_Pipe.uasset" 196
"../../../Final_Project_Props/Content/StarterContent/Shapes/Shape_Pipe_180.uasset" 197
"../../../Final_Project_Props/Content/StarterContent/Shapes/Shape_Pipe_90.uasset" 198
"../../../Final_Project_Props/Content/StarterContent/Shapes/Shape_Plane.uasset" 199
"../../../Final_Project_Props/Content/StarterContent/Shapes/Shape_Torus.uasset" 200
"../../../Final_Project_Props/Content/StarterContent/Shapes/Shape_Trim.uasset" 201
"../../../Final_Project_Props/Content/StarterContent/Shapes/Shape_Trim_90_In.uasset" 202
"../../../Final_Project_Props/Content/StarterContent/Shapes/Shape_Trim_90_Out.uasset" 203
"../../../Final_Project_Props/Content/StarterContent/Shapes/Shape_TriPyramid.uasset" 204
"../../../Final_Project_Props/Content/StarterContent/Shapes/Shape_Tube.uasset" 205
"../../../Final_Project_Props/Content/StarterContent/Shapes/Shape_Wedge_A.uasset" 206
"../../../Final_Project_Props/Content/StarterContent/Shapes/Shape_Wedge_B.uasset" 207
"../../../Final_Project_Props/Content/StarterContent/Shapes/Shape_WideCapsule.uasset" 208
"../../../Final_Project_Props/Content/ThirdPersonBP/Blueprints/ThirdPersonGameMode.uasset" 209
"../../../Final_Project_Props/Content/ThirdPersonBP/Maps/doorSequence_0.uasset" 210
"../../../Final_Project_Props/Content/ThirdPersonBP/Maps/doorSeq_0.uasset" 211
"../../../Final_Project_Props/Content/ThirdPersonBP/Maps/doorSeq_1.uasset" 212
"../../../Final_Project_Props/Content/YAOILand/Noise.uasset" 213
"../../../Final_Project_Props/Content/YAOILand/ScanDistort.uasset" 214
"../../../Final_Project_Props/Content/YAOILand/Scanlines.uasset" 215
"../../../Final_Project_Props/Content/YAOILand/glitch.uasset" 216
"../../../Final_Project_Props/Content/YAOILand/gun.uasset" 217
"../../../Engine/Content/EditorLandscapeResources/DataLayer.uasset" 218
"../../../Engine/Content/EditorMaterials/GizmoMaterial.uasset" 219
"../../../Engine/Content/EditorMaterials/MAT_Groups_Toggle.uasset" 220
"../../../Engine/Content/EditorMaterials/MAT_Groups_Visibility.uasset" 221
"../../../Engine/Content/EditorMaterials/PreviewShadowIndicator.uasset" 222
"../../../Engine/Content/EditorMaterials/PreviewShadowIndicatorMaterial.uasset" 223
"../../../Engine/Content/EditorMaterials/MatineeGroups/MAT_ColorTrack.uasset" 224
"../../../Engine/Content/EditorMaterials/MatineeGroups/MAT_Groups_Anim.uasset" 225
"../../../Engine/Content/EditorMaterials/MatineeGroups/MAT_Groups_AudioMaster.uasset" 226
"../../../Engine/Content/EditorMaterials/MatineeGroups/MAT_Groups_Director.uasset" 227
"../../../Engine/Content/EditorMaterials/MatineeGroups/MAT_Groups_Event.uasset" 228
"../../../Engine/Content/EditorMaterials/MatineeGroups/MAT_Groups_Fade.uasset" 229
"../../../Engine/Content/EditorMaterials/MatineeGroups/MAT_Groups_Float.uasset" 230
"../../../Engine/Content/EditorMaterials/MatineeGroups/MAT_Groups_Move.uasset" 231
"../../../Engine/Content/EditorMaterials/MatineeGroups/MAT_Groups_Slomo.uasset" 232
"../../../Engine/Content/EditorMaterials/MatineeGroups/MAT_Groups_Sound.uasset" 233
"../../../Engine/Content/EditorMaterials/MatineeGroups/MAT_Groups_Vector.uasset" 234
"../../../Engine/Content/EditorMaterials/ParticleSystems/PSysThumbnail_NoImage.uasset" 235
"../../../Engine/Content/EditorMaterials/ParticleSystems/PSysThumbnail_OOD.uasset" 236
"../../../Engine/Content/EditorMaterials/Camera/CineMat.uasset" 237
"../../../Engine/Content/EditorMaterials/Camera/MI_CineMat_Rig.uasset" 238
"../../../Engine/Content/EditorMeshes/Camera/SM_CraneRig_Arm.uasset" 239
"../../../Engine/Content/EditorMeshes/Camera/SM_CraneRig_Base.uasset" 240
"../../../Engine/Content/EditorMeshes/Camera/SM_CraneRig_Body.uasset" 241
"../../../Engine/Content/EditorMeshes/Camera/SM_CraneRig_Mount.uasset" 242
"../../../Engine/Content/EditorMeshes/Camera/SM_RailRig_Mount.uasset" 243
"../../../Engine/Content/EditorMeshes/Camera/SM_RailRig_Track.uasset" 244
"../../../Engine/Content/EditorResources/BSPVertex.uasset" 245
"../../../Engine/Content/EditorResources/EmptyActor.uasset" 246
"../../../Engine/Content/EditorResources/S_Actor.uasset" 247
"../../../Engine/Content/EditorResources/S_Trigger.uasset" 248
"../../../Engine/Content/EditorResources/AudioIcons/S_AudioComponent.uasset" 249
"../../../Engine/Content/EditorResources/AudioIcons/S_AudioComponent_AutoActivate.uasset" 250
"../../../Engine/Content/EditorResources/LightIcons/S_LightError.uasset" 251
"../../../Engine/Content/EditorResources/SequenceRecorder/Countdown.uasset" 252
"../../../Engine/Content/EditorResources/SequenceRecorder/RecordingIndicator.uasset" 253
"../../../Engine/Content/EditorSounds/Notifications/CompileFailed.uasset" 254
"../../../Engine/Content/EditorSounds/Notifications/CompileFailed_Cue.uasset" 255
"../../../Engine/Content/EditorSounds/Notifications/CompileSuccess.uasset" 256
"../../../Engine/Content/EditorSounds/Notifications/CompileStart_Cue.uasset" 257
"../../../Engine/Content/EditorSounds/Notifications/CompileSuccess_Cue.uasset" 258
"../../../Engine/Content/EngineDamageTypes/DmgTypeBP_Environmental.uasset" 259
"../../../Engine/Content/EngineDebugMaterials/HeatmapGradient.uasset" 260
"../../../Engine/Content/EngineDebugMaterials/BoneWeightMaterial.uasset" 261
"../../../Engine/Content/EngineDebugMaterials/ClothMaterial.uasset" 262
"../../../Engine/Content/EngineDebugMaterials/ClothMaterial_WF.uasset" 263
"../../../Engine/Content/EngineDebugMaterials/DebugEditorMaterial.uasset" 264
"../../../Engine/Content/EngineDebugMaterials/DebugMeshMaterial.uasset" 265
"../../../Engine/Content/EngineDebugMaterials/GeomMaterial.uasset" 266
"../../../Engine/Content/EngineFonts/Faces/RobotoBold.uasset" 267
"../../../Engine/Content/EngineFonts/Faces/RobotoBoldItalic.uasset" 268
"../../../Engine/Content/EngineFonts/Faces/RobotoItalic.uasset" 269
"../../../Engine/Content/EngineFonts/Faces/RobotoLight.uasset" 270
"../../../Engine/Content/EngineFonts/Faces/RobotoRegular.uasset" 271
"../../../Engine/Content/EngineFonts/Roboto.uasset" 272
"../../../Engine/Content/EngineFonts/Faces/RobotoTiny.uasset" 273
"../../../Engine/Content/EngineFonts/RobotoTiny.uasset" 274
"../../../Engine/Content/EngineMaterials/DefaultBloomKernel.uasset" 275
"../../../Engine/Content/EngineMaterials/DefaultBokeh.uasset" 276
"../../../Engine/Content/EngineMaterials/DefaultDiffuse.uasset" 277
"../../../Engine/Content/EngineMaterials/DefaultDeferredDecalMaterial.uasset" 278
"../../../Engine/Content/EngineMaterials/DefaultLightFunctionMaterial.uasset" 279
"../../../Engine/Content/EngineMaterials/DefaultPhysicalMaterial.uasset" 280
"../../../Engine/Content/Functions/Engine_MaterialFunctions02/Utility/BreakOutFloat2Components.uasset" 281
"../../../Engine/Content/EngineMaterials/DefaultPostProcessMaterial.uasset" 282
"../../../Engine/Content/EngineFonts/RobotoDistanceField.uasset" 283
"../../../Engine/Content/EngineMaterials/DefaultTextMaterialOpaque.uasset" 284
"../../../Engine/Content/EngineMaterials/DefaultWhiteGrid.uasset" 285
"../../../Engine/Content/EngineMaterials/EditorBrushMaterial.uasset" 286
"../../../Engine/Content/EngineMaterials/Good64x64TilingNoiseHighFreq.uasset" 287
"../../../Engine/Content/EngineMaterials/MiniFont.uasset" 288
"../../../Engine/Content/EngineMaterials/InvalidLightmapSettings.uasset" 289
"../../../Engine/Content/EngineMaterials/M_InvalidLightmapSettings.uasset" 290
"../../../Engine/Content/Functions/Engine_MaterialFunctions02/WorldPositionOffset/CameraOffset.uasset" 291
"../../../Engine/Content/EngineMaterials/PhAT_JointLimitMaterial.uasset" 292
"../../../Engine/Content/EngineMaterials/PreintegratedSkinBRDF.uasset" 293
"../../../Engine/Content/EngineMaterials/RemoveSurfaceMaterial.uasset" 294
"../../../Engine/Content/EngineMaterials/WeightMapPlaceholderTexture.uasset" 295
"../../../Engine/Content/EngineResources/WhiteSquareTexture.uasset" 296
"../../../Engine/Content/EngineMaterials/Widget3DPassThrough.uasset" 297
"../../../Engine/Content/EngineMaterials/Widget3DPassThrough_Masked.uasset" 298
"../../../Engine/Content/EngineMaterials/Widget3DPassThrough_Opaque.uasset" 299
"../../../Engine/Content/EngineMaterials/Widget3DPassThrough_Masked_OneSided.uasset" 300
"../../../Engine/Content/EngineMaterials/Widget3DPassThrough_Opaque_OneSided.uasset" 301
"../../../Engine/Content/EngineMaterials/Widget3DPassThrough_Translucent.uasset" 302
"../../../Engine/Content/EngineMaterials/Widget3DPassThrough_Translucent_OneSided.uasset" 303
"../../../Engine/Content/EngineMeshes/Cube.uasset" 304
"../../../Engine/Content/EngineMeshes/Cylinder.uasset" 305
"../../../Engine/Content/EngineMeshes/Sphere.uasset" 306
"../../../Engine/Content/EngineResources/Black.uasset" 307
"../../../Engine/Content/EngineResources/DefaultTexture.uasset" 308
"../../../Engine/Content/EngineResources/DefaultTextureCube.uasset" 309
"../../../Engine/Content/EngineResources/GradientTexture0.uasset" 310
"../../../Engine/Content/EngineSounds/Master.uasset" 311
"../../../Engine/Content/Functions/Engine_MaterialFunctions01/Shading/ConvertFromDiffSpec.uasset" 312
"../../../Engine/Content/Functions/Engine_MaterialFunctions01/Shading/PowerToRoughness.uasset" 313
"../../../Engine/Content/Maps/Templates/Thumbnails/Default.uasset" 314
"../../../Engine/Content/Maps/Templates/Thumbnails/VR-Basic.uasset" 315
"../../../Engine/Content/MobileResources/T_MobileControls_texture.uasset" 316
"../../../Engine/Content/MobileResources/T_MobileMenu2.uasset" 317
"../../../Engine/Content/MobileResources/HUD/AnalogHat.uasset" 318
"../../../Engine/Content/MobileResources/HUD/VirtualJoystick_Background.uasset" 319
"../../../Engine/Content/MobileResources/HUD/VirtualJoystick_Thumb.uasset" 320
"../../../Engine/Content/MobileResources/HUD/DefaultVirtualJoysticks.uasset" 321
"../../../Engine/Content/MobileResources/HUD/LeftVirtualJoystickOnly.uasset" 322
"../../../Engine/Content/MobileResources/HUD/MobileHUDButton1_off.uasset" 323
"../../../Engine/Content/MobileResources/HUD/MobileHUDButton1_on.uasset" 324
"../../../Engine/Content/MobileResources/HUD/MobileHUDButton2_off.uasset" 325
"../../../Engine/Content/MobileResources/HUD/MobileHUDButton2_on.uasset" 326
"../../../Engine/Content/MobileResources/HUD/MobileHUDButton3.uasset" 327
"../../../Engine/Content/MobileResources/HUD/MobileHUDButtonFire.uasset" 328
"../../../Engine/Content/MobileResources/HUD/MobileHUDDirectionPad.uasset" 329
"../../../Engine/Content/MobileResources/HUD/MobileHUDDirectionPad2.uasset" 330
"../../../Engine/Content/MobileResources/HUD/MobileHUDDirectionPad3.uasset" 331
"../../../Engine/Content/MobileResources/HUD/MobileHUDDirectionStick.uasset" 332
"../../../Engine/Content/MobileResources/HUD/T_Castle_ThumbstickInner.uasset" 333
"../../../Engine/Content/MobileResources/HUD/T_Castle_ThumbstickOutter.uasset" 334
"../../../Engine/Content/Tutorial/ContentIntroCurve.uasset" 335
"../../../Engine/Content/Tutorial/Basics/TutorialAssets/icon_tab_Levels_40x.uasset" 336
"../../../Engine/Content/Tutorial/BlueprintTutorials/TutorialAssets/BlueprintInterface_64x.uasset" 337
"../../../Engine/Content/Tutorial/BlueprintTutorials/TutorialAssets/BlueprintMacroLibrary_64x.uasset" 338
"../../../Engine/Content/Tutorial/BlueprintTutorials/TutorialAssets/Blueprint_64x.uasset" 339
"../../../Engine/Content/Tutorial/BlueprintTutorials/TutorialAssets/Tutorial_BP_Interface.uasset" 340
"../../../Engine/Content/Tutorial/Foliage/TutorialAssets/Foliage.uasset" 341
"../../../Engine/Content/Tutorial/Landscape/TutorialAssets/Landscape.uasset" 342
"../../../Engine/Content/Tutorial/Paper2D/TutorialAssets/Paper2DFlipbook_TutorialIcon.uasset" 343
"../../../Engine/Content/Tutorial/Paper2D/TutorialAssets/Paper2DSprite_TutorialIcon.uasset" 344
"../../../Engine/Content/Tutorial/SubEditors/TutorialAssets/icon_Editor_Preferences_General_40x.uasset" 345
"../../../Engine/Content/Tutorial/SubEditors/TutorialAssets/icon_ShowSkeletalMeshes_40x.uasset" 346
"../../../Engine/Content/Tutorial/SubEditors/TutorialAssets/TutorialMaterial.uasset" 347
"../../../Engine/Content/Tutorial/SubEditors/TutorialAssets/T_SmokeSubUV_8X8.uasset" 348
"../../../Engine/Content/Tutorial/SubEditors/TutorialAssets/T_soft_smoke.uasset" 349
"../../../Engine/Content/Tutorial/SubEditors/TutorialAssets/M_smoke_subUV_blackbody.uasset" 350
"../../../Engine/Content/Tutorial/SubEditors/TutorialAssets/TutorialParticleSystem.uasset" 351
"../../../Engine/Content/VREditor/Devices/Generic/GenericHMDMaterial.uasset" 352
"../../../Engine/Content/VREditor/Devices/Generic/GenericHMD.uasset" 353
"../../../Engine/Content/VREditor/FloatingText/LineMaterial.uasset" 354
"../../../Engine/Content/VREditor/FloatingText/JointSphere.uasset" 355
"../../../Engine/Content/VREditor/FloatingText/LineSegmentCylinder.uasset" 356
"../../../Engine/Content/VREditor/Fonts/VRText_RobotoLarge.uasset" 357
"../../../Engine/Content/VREditor/Fonts/VRTextMaterial.uasset" 358
"../../../Engine/Content/VREditor/Fonts/TranslucentVRTextMaterial.uasset" 359
"../../../Engine/Content/VREditor/LaserPointer/CursorPointer.uasset" 360
"../../../Engine/Content/VREditor/LaserPointer/VR_LaserPower_01.uasset" 361
"../../../Engine/Content/VREditor/TransformGizmo/TransformGizmoMaterial.uasset" 362
"../../../Engine/Content/VREditor/LaserPointer/HoverMaterial.uasset" 363
"../../../Engine/Content/VREditor/TransformGizmo/TranslucentTransformGizmoMaterial.uasset" 364
"../../../Engine/Content/VREditor/LaserPointer/TranslucentHoverMaterial.uasset" 365
"../../../Engine/Content/VREditor/LaserPointer/HoverMesh.uasset" 366
"../../../Engine/Content/VREditor/LaserPointer/LaserPointerMaterial.uasset" 367
"../../../Engine/Content/VREditor/LaserPointer/LaserPointerMaterialInst.uasset" 368
"../../../Engine/Content/VREditor/LaserPointer/TranslucentLaserPointerMaterialInst.uasset" 369
"../../../Engine/Content/VREditor/LaserPointer/LaserPointerMesh.uasset" 370
"../../../Engine/Content/VREditor/LaserPointer/LaserPointerMesh_End.uasset" 371
"../../../Engine/Content/VREditor/LaserPointer/LaserPointerMesh_Start.uasset" 372
"../../../Engine/Content/Functions/Engine_MaterialFunctions02/Utility/BreakOutFloat3Components.uasset" 373
"../../../Engine/Content/Functions/Engine_MaterialFunctions02/Math/Transform3x3Matrix.uasset" 374
"../../../Engine/Content/Functions/Engine_MaterialFunctions02/SplitComponents.uasset" 375
"../../../Engine/Content/Functions/Engine_MaterialFunctions02/Utility/MakeFloat3.uasset" 376
"../../../Engine/Content/VREditor/SnapGrid/SnapGridMaterial.uasset" 377
"../../../Engine/Content/VREditor/SnapGrid/SnapGridPlaneMesh.uasset" 378
"../../../Engine/Content/VREditor/Sounds/VR_teleport.uasset" 379
"../../../Engine/Content/VREditor/Sounds/UI/Click_on_Button_Cue.uasset" 380
"../../../Engine/Content/VREditor/Sounds/UI/Dockable_Window_Close.uasset" 381
"../../../Engine/Content/VREditor/Sounds/UI/Dockable_Window_Drop.uasset" 382
"../../../Engine/Content/VREditor/Sounds/UI/Dockable_Window_Open.uasset" 383
"../../../Engine/Content/VREditor/Sounds/UI/Dockable_Window_Pick_Up.uasset" 384
"../../../Engine/Content/VREditor/Sounds/UI/Drop_Item_From_ContentBrowser.uasset" 385
"../../../Engine/Content/VREditor/Sounds/UI/Floating_UI_Open-001.uasset" 386
"../../../Engine/Content/VREditor/Sounds/UI/Gizmo_Handle_Clicked.uasset" 387
"../../../Engine/Content/VREditor/Sounds/UI/Object_PickUp.uasset" 388
"../../../Engine/Content/VREditor/Sounds/UI/Object_Snaps_To_Another_Actor.uasset" 389
"../../../Engine/Content/VREditor/Sounds/UI/Object_Snaps_To_Grid.uasset" 390
"../../../Engine/Content/VREditor/Sounds/UI/Radial_Menu_FadeOut.uasset" 391
"../../../Engine/Content/VREditor/Sounds/UI/Scaling_Down.uasset" 392
"../../../Engine/Content/VREditor/Sounds/UI/Scaling_Up.uasset" 393
"../../../Engine/Content/VREditor/Sounds/UI/Selection_Changes.uasset" 394
"../../../Engine/Content/VREditor/Sounds/UI/Teleport_Mode_Entered.uasset" 395
"../../../Engine/Content/VREditor/Teleport/TeleportDirectionMaterial.uasset" 396
"../../../Engine/Content/VREditor/Teleport/TeleportDirectionMaterial_Inst.uasset" 397
"../../../Engine/Content/VREditor/Teleport/TeleportDirectionMesh.uasset" 398
"../../../Engine/Content/VREditor/TransformGizmo/BoundingBoxCorner.uasset" 399
"../../../Engine/Content/VREditor/TransformGizmo/BoundingBoxEdge.uasset" 400
"../../../Engine/Content/VREditor/TransformGizmo/PlaneTranslationHandle.uasset" 401
"../../../Engine/Content/VREditor/TransformGizmo/RotationHandleFull.uasset" 402
"../../../Engine/Content/VREditor/TransformGizmo/RotationHandleIndicator.uasset" 403
"../../../Engine/Content/VREditor/TransformGizmo/RotationHandleQuarter.uasset" 404
"../../../Engine/Content/VREditor/TransformGizmo/Main.uasset" 405
"../../../Engine/Content/VREditor/TransformGizmo/Xray.uasset" 406
"../../../Engine/Content/VREditor/TransformGizmo/SM_Dialog_Close.uasset" 407
"../../../Engine/Content/VREditor/TransformGizmo/SM_Dialog_Move.uasset" 408
"../../../Engine/Content/VREditor/TransformGizmo/SM_Sequencer_Key.uasset" 409
"../../../Engine/Content/VREditor/TransformGizmo/SM_Sequencer_Node.uasset" 410
"../../../Engine/Content/VREditor/TransformGizmo/StartRotationHandleIndicator.uasset" 411
"../../../Engine/Content/VREditor/TransformGizmo/TranslucentTransformGizmoMaterial_Inst.uasset" 412
"../../../Engine/Content/VREditor/TransformGizmo/TransformGizmoFreeRotation.uasset" 413
"../../../Engine/Content/VREditor/TransformGizmo/TransformGizmoMaterial_Inst.uasset" 414
"../../../Engine/Content/VREditor/TransformGizmo/TranslateArrowHandle.uasset" 415
"../../../Engine/Content/VREditor/TransformGizmo/UniformScaleHandle.uasset" 416
"../../../Engine/Content/VREditor/UI/KeyDiskMaterial.uasset" 417
"../../../Engine/Content/VREditor/UI/DiscMaterial.uasset" 418
"../../../Engine/Content/VREditor/UI/SM_Radial_Disk.uasset" 419
"../../../Engine/Content/VREditor/WorldMovementGrid/SimpleGrid.uasset" 420
"../../../Engine/Content/VREditor/WorldMovementGrid/GridMaterial.uasset" 421
"../../../Engine/Content/Functions/Engine_MaterialFunctions01/Density/ExponentialDensity.uasset" 422
"../../../Engine/Content/VREditor/WorldMovementGrid/GridPostProcess.uasset" 423
"../../../Engine/Content/EditorLandscapeResources/FlattenHeightMat.uasset" 424
"../../../Engine/Content/VREditor/WorldMovementGrid/PlaneMesh.uasset" 425
"../../../Engine/Plugins/2D/Paper2D/Content/PlaceholderTextures/DummySpriteTexture.uasset" 426
"../../../Engine/Plugins/2D/Paper2D/Content/DummySprite.uasset" 427
"../../../Engine/Plugins/2D/Paper2D/Content/DefaultPaperTerrainMaterial.uasset" 428
"../../../Engine/Plugins/2D/Paper2D/Content/DefaultSpriteMaterial.uasset" 429
"../../../Engine/Plugins/2D/Paper2D/Content/MaskedUnlitSpriteMaterial.uasset" 430
"../../../Engine/Plugins/2D/Paper2D/Content/OpaqueUnlitSpriteMaterial.uasset" 431
"../../../Engine/Plugins/Media/MediaCompositing/Content/DefaultMediaPlaneMaterial.uasset" 432
"../../../Engine/Content/Functions/Engine_MaterialFunctions01/Texturing/ScaleUVsByCenter.uasset" 433
"../../../Engine/Content/Functions/Engine_MaterialFunctions02/Utility/MakeFloat4.uasset" 434
"../../../Engine/Plugins/Runtime/AppleARKit/Content/ARKitCameraMaterial.uasset" 435
"../../../Engine/Plugins/Runtime/Oculus/OculusVR/Content/Textures/GearVRController_AO.uasset" 436
"../../../Engine/Plugins/Runtime/Oculus/OculusVR/Content/Textures/GearVRController_Color.uasset" 437
"../../../Engine/Plugins/Runtime/Oculus/OculusVR/Content/Textures/GearVRController_Normal.uasset" 438
"../../../Engine/Plugins/Runtime/Oculus/OculusVR/Content/Materials/GearVRControllerMaterial.uasset" 439
"../../../Engine/Plugins/Runtime/Oculus/OculusVR/Content/Meshes/GearVrController.uasset" 440
"../../../Final_Project_Props/Content/SoundObjects/close_door_1.uasset" 441
"../../../Final_Project_Props/Content/StarterContent/Materials/M_Glass.uasset" 442
"../../../Final_Project_Props/Content/StarterContent/Textures/T_Door_M.uasset" 443
"../../../Final_Project_Props/Content/StarterContent/Textures/T_Door_N.uasset" 444
"../../../Final_Project_Props/Content/StarterContent/Props/Materials/M_Door.uasset" 445
"../../../Final_Project_Props/Content/StarterContent/Props/SM_Door.uasset" 446
"../../../Final_Project_Props/Content/StarterContent/Textures/T_Frame_M.uasset" 447
"../../../Final_Project_Props/Content/StarterContent/Textures/T_Frame_N.uasset" 448
"../../../Final_Project_Props/Content/StarterContent/Props/Materials/M_Frame.uasset" 449
"../../../Final_Project_Props/Content/StarterContent/Props/SM_DoorFrame.uasset" 450
"../../../Final_Project_Props/Content/DoorBloops/DoorBP_0.uasset" 451
"../../../Engine/Content/EngineSky/C_Sky_Cloud_Color.uasset" 452
"../../../Engine/Content/EngineSky/C_Sky_Horizon_Color.uasset" 453
"../../../Engine/Content/EngineSky/C_Sky_Zenith_Color.uasset" 454
"../../../Engine/Content/EngineSky/T_Sky_Blue.uasset" 455
"../../../Engine/Content/EngineSky/T_Sky_Clouds_M.uasset" 456
"../../../Engine/Content/EngineSky/T_Sky_Stars.uasset" 457
"../../../Engine/Content/EngineSky/M_Sky_Panning_Clouds2.uasset" 458
"../../../Engine/Content/EngineSky/SM_SkySphere.uasset" 459
"../../../Engine/Content/EngineSky/BP_Sky_Sphere.uasset" 460
"../../../Final_Project_Props/Content/AI_Test_Zone/Testing_GRounds_BuiltData.uasset" 461
"../../../Engine/Content/BasicShapes/Plane.uasset" 462
"../../../Final_Project_Props/Content/AI_Test_Zone/Testing_GRounds.umap" 463
"../../../Final_Project_Props/Content/Defult_Files/Mannequin/Animations/Crouch_Idle_Rifle_Hip.uasset" 464
"../../../Final_Project_Props/Content/Defult_Files/Mannequin/Animations/Crouch_Idle_Rifle_Ironsights.uasset" 465
"../../../Final_Project_Props/Content/Defult_Files/Mannequin/Animations/Crouch_Walk_Fwd_Rifle_Ironsights.uasset" 466
"../../../Final_Project_Props/Content/Defult_Files/Mannequin/Animations/Equip_Pistol_Standing.uasset" 467
"../../../Final_Project_Props/Content/Defult_Files/Mannequin/Animations/Fire_Rifle_Ironsights.uasset" 468
"../../../Final_Project_Props/Content/Defult_Files/Mannequin/Animations/Hit_React_1.uasset" 469
"../../../Final_Project_Props/Content/Defult_Files/Mannequin/Animations/Hit_React_2.uasset" 470
"../../../Final_Project_Props/Content/Defult_Files/Mannequin/Animations/Hit_React_3.uasset" 471
"../../../Final_Project_Props/Content/Defult_Files/Mannequin/Animations/Idle_Rifle_Hip_Break1.uasset" 472
"../../../Final_Project_Props/Content/Defult_Files/Mannequin/Animations/Idle_Rifle_Hip_Break2.uasset" 473
"../../../Final_Project_Props/Content/Defult_Files/Mannequin/Animations/Reload_Rifle_Hip.uasset" 474
"../../../Final_Project_Props/Content/Defult_Files/Mannequin/Animations/Walk_Fwd_Rifle_Ironsights.uasset" 475
"../../../Engine/Content/TemplateResources/M_Template_Master.uasset" 476
"../../../Engine/Content/TemplateResources/MI_Template_BaseGray_03_Metal.uasset" 477
"../../../Engine/Content/Functions/MaterialLayerFunctions/MatLayerBlend_AO.uasset" 478
"../../../Final_Project_Props/Content/Defult_Files/Mannequin/Animations/AnimStarterPack/UE4_Mannequin/Materials/MaterialLayers/T_ML_Aluminum01.uasset" 479
"../../../Final_Project_Props/Content/Defult_Files/Mannequin/Animations/AnimStarterPack/UE4_Mannequin/Materials/MaterialLayers/T_ML_Aluminum01_N.uasset" 480
"../../../Final_Project_Props/Content/Defult_Files/Mannequin/Animations/AnimStarterPack/UE4_Mannequin/Materials/MaterialLayers/ML_SoftMetal_UE4.uasset" 481
"../../../Final_Project_Props/Content/Defult_Files/Mannequin/Animations/AnimStarterPack/UE4_Mannequin/Textures/UE4_Mannequin__normals.uasset" 482
"../../../Final_Project_Props/Content/Defult_Files/Mannequin/Animations/AnimStarterPack/UE4_Mannequin/Textures/UE4_Mannequin_MAT_MASKA.uasset" 483
"../../../Final_Project_Props/Content/Defult_Files/Mannequin/Animations/AnimStarterPack/UE4_Mannequin/Textures/UE4_Mannequin_occlusion_Mobile.uasset" 484
"../../../Final_Project_Props/Content/Defult_Files/Mannequin/Animations/AnimStarterPack/UE4_Mannequin/Materials/M_UE4Man_Body.uasset" 485
"../../../Final_Project_Props/Content/Defult_Files/Mannequin/Animations/AnimStarterPack/UE4_Mannequin/Textures/UE4Man_Logo_N.uasset" 486
"../../../Final_Project_Props/Content/Defult_Files/Mannequin/Animations/AnimStarterPack/UE4_Mannequin/Materials/M_UE4Man_ChestLogo.uasset" 487
"../../../Final_Project_Props/Content/Defult_Files/Mannequin/Animations/AnimStarterPack/UE4_Mannequin/Mesh/SK_Mannequin_PhysicsAsset.uasset" 488
"../../../Final_Project_Props/Content/Defult_Files/Mannequin/Animations/AnimStarterPack/UE4_Mannequin/Mesh/SK_Mannequin.uasset" 489
"../../../Final_Project_Props/Content/Defult_Files/Mannequin/Animations/Showcase.umap" 490
"../../../Engine/Content/Functions/Engine_MaterialFunctions03/Procedurals/ComputeFilterWidth.uasset" 491
"../../../Engine/Content/EngineMaterials/AntiAliasedTextMaterialTranslucent.uasset" 492
"../../../Final_Project_Props/Content/FirstPerson/Meshes/CubeMaterialOverride.uasset" 493
"../../../Final_Project_Props/Content/Geometry/Meshes/CubeMaterial.uasset" 494
"../../../Final_Project_Props/Content/Geometry/Meshes/1M_Cube.uasset" 495
"../../../Final_Project_Props/Content/FirstPersonBP/Maps/FirstPersonExampleMap.umap" 496
"../../../Final_Project_Props/Content/Defult_Files/Mannequin/Animations/Idle_Rifle_Hip.uasset" 497
"../../../Final_Project_Props/Content/Defult_Files/Mannequin/Animations/Jump_From_Jog.uasset" 498
"../../../Final_Project_Props/Content/Defult_Files/Mannequin/Animations/Jump_From_Stand.uasset" 499
"../../../Final_Project_Props/Content/Defult_Files/Mannequin/Animations/Crouch_Walk_Bwd_Rifle_Hip.uasset" 500
"../../../Final_Project_Props/Content/Defult_Files/Mannequin/Animations/Crouch_Walk_Fwd_Rifle_Hip.uasset" 501
"../../../Final_Project_Props/Content/Defult_Files/Mannequin/Animations/Crouch_Walk_Lt_Rifle_Hip.uasset" 502
"../../../Final_Project_Props/Content/Defult_Files/Mannequin/Animations/Crouch_Walk_Rt_Rifle_Hip.uasset" 503
"../../../Final_Project_Props/Content/Defult_Files/Mannequin/Animations/BS_CrouchWalk.uasset" 504
"../../../Final_Project_Props/Content/Defult_Files/Mannequin/Animations/Jog_Bwd_Rifle.uasset" 505
"../../../Final_Project_Props/Content/Defult_Files/Mannequin/Animations/Jog_Fwd_Rifle.uasset" 506
"../../../Final_Project_Props/Content/Defult_Files/Mannequin/Animations/Jog_Lt_Rifle.uasset" 507
"../../../Final_Project_Props/Content/Defult_Files/Mannequin/Animations/Jog_Rt_Rifle.uasset" 508
"../../../Final_Project_Props/Content/Defult_Files/Mannequin/Animations/BS_Jog.uasset" 509
"../../../Final_Project_Props/Content/Defult_Files/Mannequin/Animations/Ue4ASP_Character.uasset" 510
"../../../Final_Project_Props/Content/Defult_Files/Mannequin/Animations/UE4ASP_HeroTPP_AnimBlueprint.uasset" 511
"../../../Final_Project_Props/Content/Defult_Files/Mannequin/Animations/Idle_Pistol.uasset" 512
"../../../Final_Project_Props/Content/YAOILand/HUD.uasset" 513
"../../../Final_Project_Props/Content/YAOILand/PauseMenu.uasset" 514
"../../../Final_Project_Props/Content/Defult_Files/ThirdPersonBP/Blueprints/ThirdPersonCharacter.uasset" 515
"../../../Final_Project_Props/Content/Level/House_BuiltData.uasset" 516
"../../../Final_Project_Props/Content/StarterContent/Textures/T_Ground_Grass_D.uasset" 517
"../../../Final_Project_Props/Content/StarterContent/Textures/T_Ground_Grass_N.uasset" 518
"../../../Final_Project_Props/Content/StarterContent/Textures/T_MacroVariation.uasset" 519
"../../../Final_Project_Props/Content/StarterContent/Textures/T_Perlin_Noise_M.uasset" 520
"../../../Final_Project_Props/Content/StarterContent/Materials/M_Ground_Grass.uasset" 521
"../../../Final_Project_Props/Content/Level/House.umap" 522
"../../../Final_Project_Props/Content/StarterContent/Textures/T_Ground_Gravel_N.uasset" 523
"../../../Final_Project_Props/Content/Level/Materials/Road/Blacktop.uasset" 524
"../../../Final_Project_Props/Content/Level/Materials/Road/Divider.uasset" 525
"../../../Final_Project_Props/Content/StarterContent/Textures/T_Concrete_Tiles_D.uasset" 526
"../../../Final_Project_Props/Content/StarterContent/Textures/T_Concrete_Tiles_M.uasset" 527
"../../../Final_Project_Props/Content/StarterContent/Textures/T_Concrete_Tiles_N.uasset" 528
"../../../Final_Project_Props/Content/StarterContent/Textures/T_Concrete_Tiles_Variation_M.uasset" 529
"../../../Final_Project_Props/Content/StarterContent/Materials/M_Concrete_Tiles.uasset" 530
"../../../Final_Project_Props/Content/StarterContent/Textures/T_Ground_Gravel_D.uasset" 531
"../../../Final_Project_Props/Content/StarterContent/Materials/M_Ground_Gravel.uasset" 532
"../../../Engine/Content/BasicShapes/Cone.uasset" 533
"../../../Engine/Content/BasicShapes/Cylinder.uasset" 534
"../../../Final_Project_Props/Content/StarterContent/Textures/T_Bush_D.uasset" 535
"../../../Final_Project_Props/Content/StarterContent/Textures/T_Bush_N.uasset" 536
"../../../Final_Project_Props/Content/StarterContent/Props/Materials/M_Bush.uasset" 537
"../../../Final_Project_Props/Content/StarterContent/Props/SM_Bush.uasset" 538
"../../../Final_Project_Props/Content/Level/Road_To_House.umap" 539
"../../../Final_Project_Props/Content/StarterContent/Blueprints/Assets/FogBrightnessLUT.uasset" 540
"../../../Final_Project_Props/Content/StarterContent/Blueprints/Assets/SunlightColorLUT.uasset" 541
"../../../Final_Project_Props/Content/StarterContent/Blueprints/Assets/M_LightStage_Arrows.uasset" 542
"../../../Engine/Content/MapTemplates/Sky/DaylightAmbientCubemap.uasset" 543
"../../../Final_Project_Props/Content/StarterContent/Blueprints/Assets/M_LightStage_Skybox_Master.uasset" 544
"../../../Final_Project_Props/Content/StarterContent/Blueprints/Assets/M_LightStage_Skybox_Black.uasset" 545
"../../../Final_Project_Props/Content/StarterContent/Blueprints/Assets/M_LightStage_Skybox_HDRI.uasset" 546
"../../../Engine/Content/EditorMaterials/Thumbnails/SkySphereMaterial.uasset" 547
"../../../Final_Project_Props/Content/StarterContent/Blueprints/Assets/Skybox.uasset" 548
"../../../Final_Project_Props/Content/StarterContent/Blueprints/Assets/SM_Arrows.uasset" 549
"../../../Final_Project_Props/Content/StarterContent/HDRI/HDRI_Epic_Courtyard_Daylight.uasset" 550
"../../../Final_Project_Props/Content/StarterContent/Blueprints/BP_LightStudio.uasset" 551
"../../../Final_Project_Props/Content/StarterContent/Maps/Advanced_Lighting_BuiltData.uasset" 552
"../../../Final_Project_Props/Content/StarterContent/Materials/M_AssetPlatform.uasset" 553
"../../../Engine/Content/EditorMeshes/ColorCalibrator/M_ChromeBall.uasset" 554
"../../../Engine/Content/EditorMeshes/ColorCalibrator/M_ClearCoat.uasset" 555
"../../../Engine/Content/EditorMeshes/ColorCalibrator/M_ClearCoatBlack.uasset" 556
"../../../Engine/Content/EditorMeshes/ColorCalibrator/Color_checker.uasset" 557
"../../../Engine/Content/EditorMeshes/ColorCalibrator/M_ColorGrid.uasset" 558
"../../../Engine/Content/EditorMeshes/ColorCalibrator/M_GreyBall.uasset" 559
"../../../Engine/Content/EditorMeshes/ColorCalibrator/SM_ColorCalibrator.uasset" 560
"../../../Final_Project_Props/Content/StarterContent/Architecture/SM_AssetPlatform.uasset" 561
"../../../Final_Project_Props/Content/StarterContent/Maps/Advanced_Lighting.umap" 562
"../../../Final_Project_Props/Content/StarterContent/Maps/Minimal_Default_BuiltData.uasset" 563
"../../../Final_Project_Props/Content/StarterContent/Materials/M_Metal_Brushed_Nickel.uasset" 564
"../../../Final_Project_Props/Content/StarterContent/Textures/T_Metal_Aluminum_D.uasset" 565
"../../../Final_Project_Props/Content/StarterContent/Textures/T_Metal_Gold_N.uasset" 566
"../../../Final_Project_Props/Content/StarterContent/Materials/M_Metal_Burnished_Steel.uasset" 567
"../../../Final_Project_Props/Content/StarterContent/Textures/T_Metal_Copper_D.uasset" 568
"../../../Final_Project_Props/Content/StarterContent/Materials/M_Metal_Copper.uasset" 569
"../../../Final_Project_Props/Content/StarterContent/Textures/T_Statue_M.uasset" 570
"../../../Final_Project_Props/Content/StarterContent/Textures/T_Statue_N.uasset" 571
"../../../Final_Project_Props/Content/StarterContent/Props/Materials/M_StatueGlass.uasset" 572
"../../../Final_Project_Props/Content/StarterContent/Architecture/Floor_400x400.uasset" 573
"../../../Final_Project_Props/Content/StarterContent/Audio/Starter_Background_Cue.uasset" 574
"../../../Final_Project_Props/Content/StarterContent/Props/SM_Chair.uasset" 575
"../../../Final_Project_Props/Content/StarterContent/Props/Materials/M_Statue.uasset" 576
"../../../Final_Project_Props/Content/StarterContent/Props/SM_Statue.uasset" 577
"../../../Final_Project_Props/Content/StarterContent/Textures/T_TableRound_M.uasset" 578
"../../../Final_Project_Props/Content/StarterContent/Textures/T_TableRound_N.uasset" 579
"../../../Final_Project_Props/Content/StarterContent/Props/Materials/M_TableRound.uasset" 580
"../../../Final_Project_Props/Content/StarterContent/Props/SM_TableRound.uasset" 581
"../../../Final_Project_Props/Content/StarterContent/Maps/Minimal_Default.umap" 582
"../../../Final_Project_Props/Content/StarterContent/Audio/Fire01_Cue.uasset" 583
"../../../Final_Project_Props/Content/StarterContent/Textures/T_Fire_SubUV.uasset" 584
"../../../Final_Project_Props/Content/StarterContent/Textures/T_Fire_Tiled_D.uasset" 585
"../../../Final_Project_Props/Content/StarterContent/Particles/Materials/M_Fire_SubUV.uasset" 586
"../../../Final_Project_Props/Content/StarterContent/Textures/T_Water_N.uasset" 587
"../../../Final_Project_Props/Content/StarterContent/Particles/Materials/M_Heat_Distortion.uasset" 588
"../../../Final_Project_Props/Content/StarterContent/Particles/Materials/M_Radial_Gradient.uasset" 589
"../../../Final_Project_Props/Content/StarterContent/Particles/P_Fire.uasset" 590
"../../../Final_Project_Props/Content/StarterContent/Blueprints/Blueprint_Effect_Fire.uasset" 591
"../../../Final_Project_Props/Content/StarterContent/Audio/Smoke01_Cue.uasset" 592
"../../../Final_Project_Props/Content/StarterContent/Particles/P_Smoke.uasset" 593
"../../../Final_Project_Props/Content/StarterContent/Blueprints/Blueprint_Effect_Smoke.uasset" 594
"../../../Final_Project_Props/Content/StarterContent/Audio/Fire_Sparks01_Cue.uasset" 595
"../../../Final_Project_Props/Content/StarterContent/Textures/T_Spark_Core.uasset" 596
"../../../Final_Project_Props/Content/StarterContent/Particles/Materials/M_Spark.uasset" 597
"../../../Final_Project_Props/Content/StarterContent/Particles/P_Sparks.uasset" 598
"../../../Final_Project_Props/Content/StarterContent/Blueprints/Blueprint_Effect_Sparks.uasset" 599
"../../../Final_Project_Props/Content/StarterContent/Audio/Steam01_Cue.uasset" 600
"../../../Final_Project_Props/Content/StarterContent/Particles/P_Steam_Lit.uasset" 601
"../../../Final_Project_Props/Content/StarterContent/Blueprints/Blueprint_Effect_Steam.uasset" 602
"../../../Final_Project_Props/Content/StarterContent/Textures/T_Lamp_M.uasset" 603
"../../../Final_Project_Props/Content/StarterContent/Textures/T_Lamp_N.uasset" 604
"../../../Final_Project_Props/Content/StarterContent/Props/Materials/M_Lamp.uasset" 605
"../../../Final_Project_Props/Content/StarterContent/Props/SM_Lamp_Ceiling.uasset" 606
"../../../Final_Project_Props/Content/StarterContent/Blueprints/Blueprint_CeilingLight.uasset" 607
"../../../Final_Project_Props/Content/StarterContent/Props/SM_Lamp_Wall.uasset" 608
"../../../Final_Project_Props/Content/StarterContent/Blueprints/Blueprint_WallSconce.uasset" 609
"../../../Final_Project_Props/Content/StarterContent/Maps/StarterMap_BuiltData.uasset" 610
"../../../Final_Project_Props/Content/StarterContent/Textures/T_Brick_Clay_Beveled_D.uasset" 611
"../../../Final_Project_Props/Content/StarterContent/Textures/T_Brick_Clay_Beveled_M.uasset" 612
"../../../Final_Project_Props/Content/StarterContent/Textures/T_Brick_Clay_Beveled_N.uasset" 613
"../../../Final_Project_Props/Content/StarterContent/Materials/M_Brick_Clay_Beveled.uasset" 614
"../../../Final_Project_Props/Content/StarterContent/Textures/T_Brick_Clay_New_D.uasset" 615
"../../../Final_Project_Props/Content/StarterContent/Textures/T_Brick_Clay_New_M.uasset" 616
"../../../Final_Project_Props/Content/StarterContent/Textures/T_Brick_Clay_New_N.uasset" 617
"../../../Final_Project_Props/Content/StarterContent/Materials/M_Brick_Clay_New.uasset" 618
"../../../Final_Project_Props/Content/StarterContent/Textures/T_Brick_Clay_Old_D.uasset" 619
"../../../Final_Project_Props/Content/StarterContent/Textures/T_Brick_Clay_Old_N.uasset" 620
"../../../Final_Project_Props/Content/StarterContent/Materials/M_Brick_Clay_Old.uasset" 621
"../../../Final_Project_Props/Content/StarterContent/Textures/T_Brick_Cut_Stone_D.uasset" 622
"../../../Final_Project_Props/Content/StarterContent/Textures/T_Brick_Cut_Stone_N.uasset" 623
"../../../Final_Project_Props/Content/StarterContent/Materials/M_Brick_Cut_Stone.uasset" 624
"../../../Final_Project_Props/Content/StarterContent/Textures/T_Brick_Hewn_Stone_D.uasset" 625
"../../../Final_Project_Props/Content/StarterContent/Textures/T_Brick_Hewn_Stone_M.uasset" 626
"../../../Final_Project_Props/Content/StarterContent/Textures/T_Brick_Hewn_Stone_N.uasset" 627
"../../../Final_Project_Props/Content/StarterContent/Materials/M_Brick_Hewn_Stone.uasset" 628
"../../../Final_Project_Props/Content/StarterContent/Textures/T_Ceramic_Tile_M.uasset" 629
"../../../Final_Project_Props/Content/StarterContent/Textures/T_Ceramic_Tile_N.uasset" 630
"../../../Final_Project_Props/Content/StarterContent/Textures/T_Rock_Marble_Polished_D.uasset" 631
"../../../Final_Project_Props/Content/StarterContent/Materials/M_Ceramic_Tile_Checker.uasset" 632
"../../../Final_Project_Props/Content/StarterContent/Textures/T_CobbleStone_Pebble_D.uasset" 633
"../../../Final_Project_Props/Content/StarterContent/Textures/T_CobbleStone_Pebble_M.uasset" 634
"../../../Final_Project_Props/Content/StarterContent/Textures/T_CobbleStone_Pebble_N.uasset" 635
"../../../Final_Project_Props/Content/StarterContent/Materials/M_CobbleStone_Pebble.uasset" 636
"../../../Final_Project_Props/Content/StarterContent/Textures/T_CobbleStone_Rough_D.uasset" 637
"../../../Final_Project_Props/Content/StarterContent/Textures/T_CobbleStone_Rough_N.uasset" 638
"../../../Final_Project_Props/Content/StarterContent/Textures/T_Gradinet_01.uasset" 639
"../../../Final_Project_Props/Content/StarterContent/Textures/T_Rock_Smooth_Granite_D.uasset" 640
"../../../Final_Project_Props/Content/StarterContent/Materials/M_CobbleStone_Rough.uasset" 641
"../../../Final_Project_Props/Content/StarterContent/Textures/T_CobbleStone_Smooth_D.uasset" 642
"../../../Final_Project_Props/Content/StarterContent/Textures/T_CobbleStone_Smooth_M.uasset" 643
"../../../Final_Project_Props/Content/StarterContent/Textures/T_CobbleStone_Smooth_N.uasset" 644
"../../../Final_Project_Props/Content/StarterContent/Materials/M_CobbleStone_Smooth.uasset" 645
"../../../Final_Project_Props/Content/StarterContent/Textures/T_Concrete_Grime_D.uasset" 646
"../../../Final_Project_Props/Content/StarterContent/Textures/T_Metal_Rust_N.uasset" 647
"../../../Final_Project_Props/Content/StarterContent/Materials/M_Concrete_Grime.uasset" 648
"../../../Final_Project_Props/Content/StarterContent/Textures/T_Concrete_Panels_D.uasset" 649
"../../../Final_Project_Props/Content/StarterContent/Textures/T_Concrete_Panels_N.uasset" 650
"../../../Final_Project_Props/Content/StarterContent/Materials/M_Concrete_Panels.uasset" 651
"../../../Final_Project_Props/Content/StarterContent/Textures/T_Concrete_Poured_D.uasset" 652
"../../../Final_Project_Props/Content/StarterContent/Textures/T_Concrete_Poured_N.uasset" 653
"../../../Final_Project_Props/Content/StarterContent/Materials/M_Concrete_Poured.uasset" 654
"../../../Final_Project_Props/Content/StarterContent/Textures/T_ground_Moss_D.uasset" 655
"../../../Final_Project_Props/Content/StarterContent/Textures/T_Ground_Moss_N.uasset" 656
"../../../Final_Project_Props/Content/StarterContent/Materials/M_Ground_Moss.uasset" 657
"../../../Final_Project_Props/Content/StarterContent/Materials/M_Metal_Chrome.uasset" 658
"../../../Final_Project_Props/Content/StarterContent/Textures/T_Metal_Gold_D.uasset" 659
"../../../Final_Project_Props/Content/StarterContent/Materials/M_Metal_Gold.uasset" 660
"../../../Final_Project_Props/Content/StarterContent/Textures/T_Metal_Rust_D.uasset" 661
"../../../Final_Project_Props/Content/StarterContent/Materials/M_Metal_Rust.uasset" 662
"../../../Final_Project_Props/Content/StarterContent/Textures/T_Metal_Steel_D.uasset" 663
"../../../Final_Project_Props/Content/StarterContent/Textures/T_Metal_Steel_N.uasset" 664
"../../../Final_Project_Props/Content/StarterContent/Materials/M_Metal_Steel.uasset" 665
"../../../Final_Project_Props/Content/StarterContent/Textures/T_Rock_Basalt_N.uasset" 666
"../../../Final_Project_Props/Content/StarterContent/Materials/M_Rock_Basalt.uasset" 667
"../../../Final_Project_Props/Content/StarterContent/Materials/M_Rock_Marble_Polished.uasset" 668
"../../../Final_Project_Props/Content/StarterContent/Textures/T_Rock_Sandstone_D.uasset" 669
"../../../Final_Project_Props/Content/StarterContent/Textures/T_Rock_Sandstone_N.uasset" 670
"../../../Final_Project_Props/Content/StarterContent/Materials/M_Rock_Sandstone.uasset" 671
"../../../Final_Project_Props/Content/StarterContent/Textures/T_Rock_Slate_D.uasset" 672
"../../../Final_Project_Props/Content/StarterContent/Textures/T_Rock_Slate_N.uasset" 673
"../../../Final_Project_Props/Content/StarterContent/Materials/M_Rock_Slate.uasset" 674
"../../../Final_Project_Props/Content/StarterContent/Textures/T_Checker_Noise_M.uasset" 675
"../../../Final_Project_Props/Content/StarterContent/Textures/T_Single_Tile_N.uasset" 676
"../../../Final_Project_Props/Content/StarterContent/Textures/T_Tech_Dot_M.uasset" 677
"../../../Final_Project_Props/Content/StarterContent/Textures/T_Tech_Dot_N.uasset" 678
"../../../Final_Project_Props/Content/StarterContent/Materials/M_Tech_Checker_Dot.uasset" 679
"../../../Final_Project_Props/Content/StarterContent/Textures/T_Tech_Hex_Tile_M.uasset" 680
"../../../Final_Project_Props/Content/StarterContent/Textures/T_Tech_Hex_Tile_N.uasset" 681
"../../../Final_Project_Props/Content/StarterContent/Materials/M_Tech_Hex_Tile.uasset" 682
"../../../Final_Project_Props/Content/StarterContent/Materials/M_Tech_Hex_Tile_Pulse.uasset" 683
"../../../Final_Project_Props/Content/StarterContent/Textures/T_Tech_Panel_M.uasset" 684
"../../../Final_Project_Props/Content/StarterContent/Textures/T_Tech_Panel_N.uasset" 685
"../../../Final_Project_Props/Content/StarterContent/Materials/M_Tech_Panel.uasset" 686
"../../../Final_Project_Props/Content/StarterContent/Materials/M_Water_Lake.uasset" 687
"../../../Final_Project_Props/Content/StarterContent/Textures/T_Water_M.uasset" 688
"../../../Final_Project_Props/Content/StarterContent/Materials/M_Water_Ocean.uasset" 689
"../../../Final_Project_Props/Content/StarterContent/Textures/T_Wood_Floor_Walnut_D.uasset" 690
"../../../Final_Project_Props/Content/StarterContent/Textures/T_Wood_Floor_Walnut_M.uasset" 691
"../../../Final_Project_Props/Content/StarterContent/Textures/T_Wood_Floor_Walnut_N.uasset" 692
"../../../Final_Project_Props/Content/StarterContent/Materials/M_Wood_Floor_Walnut_Polished.uasset" 693
"../../../Engine/Content/Functions/Engine_MaterialFunctions01/Opacity/AlphaOffset.uasset" 694
"../../../Final_Project_Props/Content/StarterContent/Materials/M_Wood_Floor_Walnut_Worn.uasset" 695
"../../../Final_Project_Props/Content/StarterContent/Textures/T_Wood_Oak_D.uasset" 696
"../../../Final_Project_Props/Content/StarterContent/Textures/T_Wood_Oak_N.uasset" 697
"../../../Final_Project_Props/Content/StarterContent/Materials/M_Wood_Oak.uasset" 698
"../../../Final_Project_Props/Content/StarterContent/Textures/T_Wood_Pine_D.uasset" 699
"../../../Final_Project_Props/Content/StarterContent/Textures/T_Wood_Pine_N.uasset" 700
"../../../Final_Project_Props/Content/StarterContent/Materials/M_Wood_Pine.uasset" 701
"../../../Final_Project_Props/Content/StarterContent/Textures/T_Wood_Walnut_D.uasset" 702
"../../../Final_Project_Props/Content/StarterContent/Textures/T_Wood_Walnut_N.uasset" 703
"../../../Final_Project_Props/Content/StarterContent/Materials/M_Wood_Walnut.uasset" 704
"../../../Final_Project_Props/Content/StarterContent/Architecture/Wall_400x200.uasset" 705
"../../../Final_Project_Props/Content/StarterContent/Architecture/Wall_Door_400x300.uasset" 706
"../../../Final_Project_Props/Content/StarterContent/Architecture/Wall_Window_400x300.uasset" 707
"../../../Final_Project_Props/Content/StarterContent/Audio/Collapse_Cue.uasset" 708
"../../../Final_Project_Props/Content/StarterContent/Audio/Starter_Music_Cue.uasset" 709
"../../../Final_Project_Props/Content/StarterContent/Textures/T_Dust_Particle_D.uasset" 710
"../../../Final_Project_Props/Content/StarterContent/Particles/Materials/M_Dust_Particle.uasset" 711
"../../../Final_Project_Props/Content/StarterContent/Particles/P_Ambient_Dust.uasset" 712
"../../../Final_Project_Props/Content/StarterContent/Props/MaterialSphere.uasset" 713
"../../../Final_Project_Props/Content/StarterContent/Props/SM_CornerFrame.uasset" 714
"../../../Final_Project_Props/Content/StarterContent/Props/SM_GlassWindow.uasset" 715
"../../../Final_Project_Props/Content/StarterContent/Props/SM_PillarFrame.uasset" 716
"../../../Final_Project_Props/Content/StarterContent/Props/SM_PillarFrame300.uasset" 717
"../../../Final_Project_Props/Content/StarterContent/Props/SM_WindowFrame.uasset" 718
"../../../Final_Project_Props/Content/StarterContent/Shapes/Shape_Cube.uasset" 719
"../../../Final_Project_Props/Content/StarterContent/Shapes/Shape_QuadPyramid.uasset" 720
"../../../Final_Project_Props/Content/StarterContent/Shapes/Shape_Sphere.uasset" 721
"../../../Final_Project_Props/Content/StarterContent/Maps/StarterMap.umap" 722
"../../../Final_Project_Props/Content/ThirdPersonBP/Maps/ThirdPersonExampleMap_BuiltData.uasset" 723
"../../../Final_Project_Props/Content/Geometry/Meshes/1M_Cube_Chamfer.uasset" 724
"../../../Final_Project_Props/Content/Geometry/Meshes/TemplateFloor.uasset" 725
"../../../Final_Project_Props/Content/ThirdPerson/Meshes/RampMaterial.uasset" 726
"../../../Final_Project_Props/Content/ThirdPerson/Meshes/Bump_StaticMesh.uasset" 727
"../../../Final_Project_Props/Content/ThirdPerson/Meshes/LeftArm_StaticMesh.uasset" 728
"../../../Final_Project_Props/Content/ThirdPerson/Meshes/Linear_Stair_StaticMesh.uasset" 729
"../../../Final_Project_Props/Content/ThirdPerson/Meshes/Ramp_StaticMesh.uasset" 730
"../../../Final_Project_Props/Content/ThirdPerson/Meshes/RightArm_StaticMesh.uasset" 731
"../../../Final_Project_Props/Content/ThirdPersonBP/Maps/ThirdPersonExampleMap.umap" 732
"../../../Final_Project_Props/Content/YAOILand/fuck_yes.uasset" 733
"../../../Final_Project_Props/Content/YAOILand/mainmenu.uasset" 734
"../../../Final_Project_Props/Content/YAOILand/main.umap" 735
"../../../Engine/Content/Maps/Entry.umap" 736
